2018-10-29 21:10:40,826 [Worker-17] INFO  o.e.m.c.i.p.r.ProjectRegistryRefreshJob - org.eclipse.m2e.core.internal.project.registry.ProjectRegistryRefreshJob was canceled
2018-10-29 21:20:32,774 [Worker-10] INFO  o.e.m.c.i.l.LifecycleMappingFactory - Using org.eclipse.m2e.jdt.JarLifecycleMapping lifecycle mapping for MavenProject: com.taotao:taotao-common:0.0.1-SNAPSHOT @ D:\10.29商城项目\market\taotao-common\pom.xml.
2018-10-29 21:20:33,698 [Worker-10] WARN  o.e.m.c.i.embedder.EclipseLogger - The artifact org.apache.commons:commons-io:jar:1.3.2 has been relocated to commons-io:commons-io:jar:1.3.2
2018-10-29 21:20:33,799 [Worker-10] INFO  o.e.m.c.i.l.LifecycleMappingFactory - Using NULL lifecycle mapping for MavenProject: com.taotao:taotao-manager:0.0.1-SNAPSHOT @ D:\10.29商城项目\market\taotao-manager\pom.xml.
2018-10-29 21:20:34,014 [Worker-10] INFO  o.e.m.c.i.l.LifecycleMappingFactory - Using org.eclipse.m2e.jdt.JarLifecycleMapping lifecycle mapping for MavenProject: com.taotao:taotao-manager-pojo:0.0.1-SNAPSHOT @ D:\10.29商城项目\market\taotao-manager\taotao-manager-pojo\pom.xml.
2018-10-29 21:20:34,730 [Worker-10] INFO  o.e.m.c.i.l.LifecycleMappingFactory - Using org.eclipse.m2e.jdt.JarLifecycleMapping lifecycle mapping for MavenProject: com.taotao:taotao-manager-dao:0.0.1-SNAPSHOT @ D:\10.29商城项目\market\taotao-manager\taotao-manager-dao\pom.xml.
2018-10-29 21:20:35,291 [Worker-10] INFO  o.e.m.c.i.l.LifecycleMappingFactory - Using org.eclipse.m2e.jdt.JarLifecycleMapping lifecycle mapping for MavenProject: com.taotao:taotao-manager-interface:0.0.1-SNAPSHOT @ D:\10.29商城项目\market\taotao-manager\taotao-manager-interface\pom.xml.
2018-10-29 21:20:35,951 [Worker-10] INFO  o.e.m.c.i.l.LifecycleMappingFactory - Using org.maven.ide.eclipse.wtp.WarLifecycleMapping lifecycle mapping for MavenProject: com.taotao:taotao-manager-service:0.0.1-SNAPSHOT @ D:\10.29商城项目\market\taotao-manager\taotao-manager-service\pom.xml.
2018-10-29 21:20:36,766 [Worker-10] INFO  o.e.m.c.i.l.LifecycleMappingFactory - Using org.maven.ide.eclipse.wtp.WarLifecycleMapping lifecycle mapping for MavenProject: com.taotao:taotao-manager-web:0.0.1-SNAPSHOT @ D:\10.29商城项目\market\taotao-manager-web\pom.xml.
2018-10-29 21:20:36,964 [Worker-10] INFO  o.e.m.c.i.l.LifecycleMappingFactory - Using NULL lifecycle mapping for MavenProject: com.taotao:taotao-parent:0.0.1-SNAPSHOT @ D:\10.29商城项目\market\taotao-parent\pom.xml.
2018-10-29 21:20:42,639 [Worker-10] INFO  o.e.m.j.i.AbstractJavaProjectConfigurator - Adding source folder /taotao-common/src/main/java
2018-10-29 21:20:42,639 [Worker-10] INFO  o.e.m.j.i.AbstractJavaProjectConfigurator - Adding resource folder /taotao-common/src/main/resources
2018-10-29 21:20:42,640 [Worker-10] INFO  o.e.m.j.i.AbstractJavaProjectConfigurator - Adding source folder /taotao-common/src/test/java
2018-10-29 21:20:42,640 [Worker-10] INFO  o.e.m.j.i.AbstractJavaProjectConfigurator - Adding resource folder /taotao-common/src/test/resources
2018-10-29 21:20:42,899 [Worker-10] INFO  o.e.m.j.i.AbstractJavaProjectConfigurator - Adding source folder /taotao-manager-pojo/src/main/java
2018-10-29 21:20:42,899 [Worker-10] INFO  o.e.m.j.i.AbstractJavaProjectConfigurator - Adding resource folder /taotao-manager-pojo/src/main/resources
2018-10-29 21:20:42,899 [Worker-10] INFO  o.e.m.j.i.AbstractJavaProjectConfigurator - Adding source folder /taotao-manager-pojo/src/test/java
2018-10-29 21:20:42,900 [Worker-10] INFO  o.e.m.j.i.AbstractJavaProjectConfigurator - Adding resource folder /taotao-manager-pojo/src/test/resources
2018-10-29 21:20:43,059 [Worker-10] INFO  o.e.m.j.i.AbstractJavaProjectConfigurator - Adding source folder /taotao-manager-dao/src/main/java
2018-10-29 21:20:43,060 [Worker-10] INFO  o.e.m.j.i.AbstractJavaProjectConfigurator - Adding resource folder /taotao-manager-dao/src/main/resources
2018-10-29 21:20:43,061 [Worker-10] INFO  o.e.m.j.i.AbstractJavaProjectConfigurator - Adding source folder /taotao-manager-dao/src/test/java
2018-10-29 21:20:43,061 [Worker-10] INFO  o.e.m.j.i.AbstractJavaProjectConfigurator - Adding resource folder /taotao-manager-dao/src/test/resources
2018-10-29 21:20:43,448 [Worker-10] INFO  o.e.m.j.i.AbstractJavaProjectConfigurator - Adding source folder /taotao-manager-interface/src/main/java
2018-10-29 21:20:43,448 [Worker-10] INFO  o.e.m.j.i.AbstractJavaProjectConfigurator - Adding resource folder /taotao-manager-interface/src/main/resources
2018-10-29 21:20:43,449 [Worker-10] INFO  o.e.m.j.i.AbstractJavaProjectConfigurator - Adding source folder /taotao-manager-interface/src/test/java
2018-10-29 21:20:43,449 [Worker-10] INFO  o.e.m.j.i.AbstractJavaProjectConfigurator - Adding resource folder /taotao-manager-interface/src/test/resources
2018-10-29 21:20:43,587 [Worker-10] INFO  o.e.m.j.i.AbstractJavaProjectConfigurator - Adding source folder /taotao-manager-service/src/main/java
2018-10-29 21:20:43,587 [Worker-10] INFO  o.e.m.j.i.AbstractJavaProjectConfigurator - Adding resource folder /taotao-manager-service/src/main/resources
2018-10-29 21:20:43,588 [Worker-10] INFO  o.e.m.j.i.AbstractJavaProjectConfigurator - Adding source folder /taotao-manager-service/src/test/java
2018-10-29 21:20:43,588 [Worker-10] INFO  o.e.m.j.i.AbstractJavaProjectConfigurator - Adding resource folder /taotao-manager-service/src/test/resources
2018-10-29 21:20:45,365 [Worker-10] INFO  o.e.m.j.i.AbstractJavaProjectConfigurator - Adding source folder /taotao-manager-web/src/main/java
2018-10-29 21:20:45,365 [Worker-10] INFO  o.e.m.j.i.AbstractJavaProjectConfigurator - Adding resource folder /taotao-manager-web/src/main/resources
2018-10-29 21:20:45,365 [Worker-10] INFO  o.e.m.j.i.AbstractJavaProjectConfigurator - Adding source folder /taotao-manager-web/src/test/java
2018-10-29 21:20:45,365 [Worker-10] INFO  o.e.m.j.i.AbstractJavaProjectConfigurator - Adding resource folder /taotao-manager-web/src/test/resources
2018-10-29 21:20:45,930 [Worker-10] INFO  o.e.m.c.i.p.ProjectConfigurationManager - Imported and configured 8 project(s) in 20 sec
2018-10-29 21:20:46,969 [Worker-14] WARN  o.e.m.c.i.embedder.EclipseLogger - The artifact org.apache.commons:commons-io:jar:1.3.2 has been relocated to commons-io:commons-io:jar:1.3.2
2018-10-29 21:20:47,081 [Worker-14] INFO  o.e.m.c.i.embedder.EclipseLogger - Using 'UTF-8' encoding to copy filtered resources.
2018-10-29 21:20:47,091 [Worker-14] INFO  o.e.m.c.i.embedder.EclipseLogger - Copying 0 resource
2018-10-29 21:20:47,093 [Worker-14] INFO  o.e.m.c.i.embedder.EclipseLogger - Using 'UTF-8' encoding to copy filtered resources.
2018-10-29 21:20:47,094 [Worker-14] INFO  o.e.m.c.i.embedder.EclipseLogger - Copying 0 resource
2018-10-29 21:20:48,592 [Worker-14] INFO  o.e.m.c.i.embedder.EclipseLogger - Using 'UTF-8' encoding to copy filtered resources.
2018-10-29 21:20:48,593 [Worker-14] INFO  o.e.m.c.i.embedder.EclipseLogger - Copying 0 resource
2018-10-29 21:20:48,595 [Worker-14] INFO  o.e.m.c.i.embedder.EclipseLogger - Using 'UTF-8' encoding to copy filtered resources.
2018-10-29 21:20:48,595 [Worker-14] INFO  o.e.m.c.i.embedder.EclipseLogger - Copying 0 resource
2018-10-29 21:20:49,196 [Worker-14] INFO  o.e.m.c.i.embedder.EclipseLogger - Using 'UTF-8' encoding to copy filtered resources.
2018-10-29 21:20:49,197 [Worker-14] INFO  o.e.m.c.i.embedder.EclipseLogger - Copying 0 resource
2018-10-29 21:20:49,198 [Worker-14] INFO  o.e.m.c.i.embedder.EclipseLogger - Using 'UTF-8' encoding to copy filtered resources.
2018-10-29 21:20:49,198 [Worker-14] INFO  o.e.m.c.i.embedder.EclipseLogger - Copying 0 resource
2018-10-29 21:20:50,226 [Worker-0] INFO  o.e.m.c.i.embedder.EclipseLogger - Using 'UTF-8' encoding to copy filtered resources.
2018-10-29 21:20:50,226 [Worker-0] INFO  o.e.m.c.i.embedder.EclipseLogger - Copying 0 resource
2018-10-29 21:20:50,227 [Worker-0] INFO  o.e.m.c.i.embedder.EclipseLogger - Using 'UTF-8' encoding to copy filtered resources.
2018-10-29 21:20:50,227 [Worker-0] INFO  o.e.m.c.i.embedder.EclipseLogger - Copying 0 resource
2018-10-29 21:20:51,340 [Worker-16] INFO  o.e.m.c.i.embedder.EclipseLogger - Using 'UTF-8' encoding to copy filtered resources.
2018-10-29 21:20:51,341 [Worker-16] INFO  o.e.m.c.i.embedder.EclipseLogger - Copying 0 resource
2018-10-29 21:20:51,342 [Worker-16] INFO  o.e.m.c.i.embedder.EclipseLogger - Using 'UTF-8' encoding to copy filtered resources.
2018-10-29 21:20:51,342 [Worker-16] INFO  o.e.m.c.i.embedder.EclipseLogger - Copying 0 resource
2018-10-29 21:20:51,714 [Worker-16] INFO  o.e.m.c.i.embedder.EclipseLogger - Using 'UTF-8' encoding to copy filtered resources.
2018-10-29 21:20:51,715 [Worker-16] INFO  o.e.m.c.i.embedder.EclipseLogger - Copying 0 resource
2018-10-29 21:20:51,716 [Worker-16] INFO  o.e.m.c.i.embedder.EclipseLogger - Using 'UTF-8' encoding to copy filtered resources.
2018-10-29 21:20:51,716 [Worker-16] INFO  o.e.m.c.i.embedder.EclipseLogger - Copying 0 resource
2018-10-29 21:21:17,944 [main] INFO  o.e.m2e.actions.ExecutePomAction - Creating new launch configuration
2018-10-29 21:21:57,725 [Worker-9] INFO  o.e.m.i.launch.MavenLaunchDelegate - D:\10.29商城项目\market\taotao-manager-web
2018-10-29 21:21:57,725 [Worker-9] INFO  o.e.m.i.launch.MavenLaunchDelegate -  mvn  -B clean tomcat7:run
